<?xml version="1.0" encoding="UTF-8"?>
<!-- Generated by org.testng.reporters.JUnitReportReporter -->
<testsuite hostname="DESKTOP-NT4919K" failures="0" tests="1" name="testCases.CaseShopping" time="4.721" errors="0" timestamp="2019-12-24T19:10:52 CST" skipped="0">
  <testcase classname="testCases.CaseShopping" name="shopingCase" time="4.721"/>
</testsuite> <!-- testCases.CaseShopping -->
